2025-11-20 15:12:44.838 WARN  [HikariPool-1 housekeeper] com.zaxxer.hikari.pool.HikariPool - HikariPool-1 - Thread starvation or clock leap detected (housekeeper delta=50s462ms118µs500ns).
2025-11-20 15:29:27.397 WARN  [HikariPool-1 housekeeper] com.zaxxer.hikari.pool.HikariPool - HikariPool-1 - Thread starvation or clock leap detected (housekeeper delta=16m42s559ms784µs600ns).
2025-11-20 15:31:14.285 WARN  [HikariPool-1 housekeeper] com.zaxxer.hikari.pool.HikariPool - HikariPool-1 - Thread starvation or clock leap detected (housekeeper delta=46s871ms977µs700ns).
2025-11-20 16:17:20.186 WARN  [main @coroutine#16] jp.assasans.protanki.server.client.UserSocket - 127.0.0.1:57801 (Opoo) thrown an exception
java.net.SocketException: Connection reset
	at java.base/sun.nio.ch.SocketChannelImpl.throwConnectionReset(SocketChannelImpl.java:394)
	at java.base/sun.nio.ch.SocketChannelImpl.read(SocketChannelImpl.java:426)
	at io.ktor.network.sockets.CIOReaderKt$readFrom$2.invoke(CIOReader.kt:128)
	at io.ktor.network.sockets.CIOReaderKt$readFrom$2.invoke(CIOReader.kt:127)
	at io.ktor.utils.io.ByteBufferChannel.writeAvailable(ByteBufferChannel.kt:1455)
	at io.ktor.utils.io.ByteBufferChannel.write$suspendImpl(ByteBufferChannel.kt:1485)
	at io.ktor.utils.io.ByteBufferChannel.write(ByteBufferChannel.kt)
	at io.ktor.utils.io.ByteWriteChannel$DefaultImpls.write$default(ByteWriteChannel.kt:88)
	at io.ktor.network.sockets.CIOReaderKt.readFrom(CIOReader.kt:127)
	at io.ktor.network.sockets.CIOReaderKt.access$readFrom(CIOReader.kt:1)
	at io.ktor.network.sockets.CIOReaderKt$attachForReadingDirectImpl$1.invokeSuspend(CIOReader.kt:107)
	at kotlin.coroutines.jvm.internal.BaseContinuationImpl.resumeWith(ContinuationImpl.kt:33)
	at kotlinx.coroutines.DispatchedTaskKt.resume(DispatchedTask.kt:235)
	at kotlinx.coroutines.DispatchedTaskKt.resumeUnconfined(DispatchedTask.kt:191)
	at kotlinx.coroutines.DispatchedTaskKt.dispatch(DispatchedTask.kt:162)
	at kotlinx.coroutines.CancellableContinuationImpl.dispatchResume(CancellableContinuationImpl.kt:406)
	at kotlinx.coroutines.CancellableContinuationImpl.resumeImpl(CancellableContinuationImpl.kt:440)
	at kotlinx.coroutines.CancellableContinuationImpl.resumeImpl$default(CancellableContinuationImpl.kt:429)
	at kotlinx.coroutines.CancellableContinuationImpl.resumeWith(CancellableContinuationImpl.kt:337)
	at io.ktor.network.selector.SelectorManagerSupport.handleSelectedKey(SelectorManagerSupport.kt:80)
	at io.ktor.network.selector.SelectorManagerSupport.handleSelectedKeys(SelectorManagerSupport.kt:60)
	at io.ktor.network.selector.ActorSelectorManager.process(ActorSelectorManager.kt:71)
	at io.ktor.network.selector.ActorSelectorManager.access$process(ActorSelectorManager.kt:18)
	at io.ktor.network.selector.ActorSelectorManager$process$1.invokeSuspend(ActorSelectorManager.kt)
	at kotlin.coroutines.jvm.internal.BaseContinuationImpl.resumeWith(ContinuationImpl.kt:33)
	at kotlinx.coroutines.DispatchedTask.run(DispatchedTask.kt:106)
	at kotlinx.coroutines.scheduling.CoroutineScheduler.runSafely(CoroutineScheduler.kt:571)
	at kotlinx.coroutines.scheduling.CoroutineScheduler$Worker.executeTask(CoroutineScheduler.kt:750)
	at kotlinx.coroutines.scheduling.CoroutineScheduler$Worker.runWorker(CoroutineScheduler.kt:678)
	at kotlinx.coroutines.scheduling.CoroutineScheduler$Worker.run(CoroutineScheduler.kt:665)
