2025-11-17 11:16:42.991 WARN  [main @coroutine#1113] jp.assasans.protanki.server.client.UserSocket - Failed to decode command
2025-11-17 11:16:43.005 WARN  [main @coroutine#1113] jp.assasans.protanki.server.client.UserSocket - - Raw packet: 1dcvvng=cevkxcvgavcpm
2025-11-17 11:16:43.006 WARN  [main @coroutine#1113] jp.assasans.protanki.server.client.UserSocket - - Decrypted packet: battle;activate_tank
2025-11-17 11:41:03.547 WARN  [main @coroutine#584] jp.assasans.protanki.server.client.UserSocket - Failed to decode command
2025-11-17 11:41:03.548 WARN  [main @coroutine#584] jp.assasans.protanki.server.client.UserSocket - - Raw packet: 5hgzzrkAgizo|gzkezgtq
2025-11-17 11:41:03.548 WARN  [main @coroutine#584] jp.assasans.protanki.server.client.UserSocket - - Decrypted packet: battle;activate_tank
2025-11-17 11:44:51.232 WARN  [main @coroutine#4159] jp.assasans.protanki.server.client.UserSocket - Failed to decode command
2025-11-17 11:44:51.232 WARN  [main @coroutine#4159] jp.assasans.protanki.server.client.UserSocket - - Raw packet: 5hgzzrkAgizo|gzkezgtq
2025-11-17 11:44:51.232 WARN  [main @coroutine#4159] jp.assasans.protanki.server.client.UserSocket - - Decrypted packet: battle;activate_tank
2025-11-17 15:12:03.580 WARN  [main @coroutine#37] jp.assasans.protanki.server.commands.handlers.SystemHandler - Client-side error occurred: Lobby error Error: Not found params for property ItemGarageProperty [MINE_RESISTANCE]
	at alternativa.tanks.service.itempropertyparams::include false/getParams()
	at alternativa.tanks.model.item.upgradable::UpgradableItemPropertyValue()
	at alternativa.tanks.model.item.upgradable::UpgradableParamsModel/objectLoadedPost()
	at 0d/initMarket()
	at 0d/onData()
	at scpacker.networking::NetworkService/sendRequestToAllListeners()
	at scpacker.networking::NetworkService/protocolDecrypt()
	at scpacker.networking::Network/onDataSocket()
2025-11-17 15:12:03.592 WARN  [main @coroutine#39] jp.assasans.protanki.server.commands.handlers.SystemHandler - Client-side error occurred: Lobby error SyntaxError: Error #1132
	at JSON$/parse()
	at 0d/initMarket()
	at 0d/onData()
	at scpacker.networking::NetworkService/sendRequestToAllListeners()
	at scpacker.networking::NetworkService/protocolDecrypt()
	at scpacker.networking::Network/onDataSocket()
2025-11-17 15:12:46.220 WARN  [main @coroutine#103] jp.assasans.protanki.server.commands.handlers.SystemHandler - Client-side error occurred: Lobby error Error: Not found params for property ItemGarageProperty [MINE_RESISTANCE]
	at alternativa.tanks.service.itempropertyparams::include false/getParams()
	at alternativa.tanks.model.item.upgradable::UpgradableItemPropertyValue()
	at alternativa.tanks.model.item.upgradable::UpgradableParamsModel/objectLoadedPost()
	at 0d/initMarket()
	at 0d/onData()
	at scpacker.networking::NetworkService/sendRequestToAllListeners()
	at scpacker.networking::NetworkService/protocolDecrypt()
	at scpacker.networking::Network/onDataSocket()
2025-11-17 15:12:46.678 WARN  [main @coroutine#105] jp.assasans.protanki.server.commands.handlers.SystemHandler - Client-side error occurred: Lobby error SyntaxError: Error #1132
	at JSON$/parse()
	at 0d/initMarket()
	at 0d/onData()
	at scpacker.networking::NetworkService/sendRequestToAllListeners()
	at scpacker.networking::NetworkService/protocolDecrypt()
	at scpacker.networking::Network/onDataSocket()
2025-11-17 15:12:46.735 WARN  [main @coroutine#109] jp.assasans.protanki.server.commands.handlers.SystemHandler - Client-side error occurred: Lobby error SyntaxError: Error #1132
	at JSON$/parse()
	at 0d/initMarket()
	at 0d/onData()
	at scpacker.networking::NetworkService/sendRequestToAllListeners()
	at scpacker.networking::NetworkService/protocolDecrypt()
	at scpacker.networking::Network/onDataSocket()
2025-11-17 15:12:47.143 WARN  [main @coroutine#112] jp.assasans.protanki.server.commands.handlers.SystemHandler - Client-side error occurred: Lobby error SyntaxError: Error #1132
	at JSON$/parse()
	at 0d/initMarket()
	at 0d/onData()
	at scpacker.networking::NetworkService/sendRequestToAllListeners()
	at scpacker.networking::NetworkService/protocolDecrypt()
	at scpacker.networking::Network/onDataSocket()
2025-11-17 15:12:48.114 WARN  [main @coroutine#116] jp.assasans.protanki.server.commands.handlers.SystemHandler - Client-side error occurred: Lobby error SyntaxError: Error #1132
	at JSON$/parse()
	at 0d/initMarket()
	at 0d/onData()
	at scpacker.networking::NetworkService/sendRequestToAllListeners()
	at scpacker.networking::NetworkService/protocolDecrypt()
	at scpacker.networking::Network/onDataSocket()
2025-11-17 15:12:48.576 WARN  [main @coroutine#118] jp.assasans.protanki.server.client.UserSocket - Failed to decode command
2025-11-17 15:12:48.577 WARN  [main @coroutine#118] jp.assasans.protanki.server.client.UserSocket - - Raw packet: 8kj}}unDjl}rj}nh}jwt
2025-11-17 15:12:48.577 WARN  [main @coroutine#118] jp.assasans.protanki.server.client.UserSocket - - Decrypted packet: battle;activate_tank
2025-11-17 15:12:48.686 WARN  [main @coroutine#120] jp.assasans.protanki.server.commands.handlers.SystemHandler - Client-side error occurred: Lobby error SyntaxError: Error #1132
	at JSON$/parse()
	at 0d/initMarket()
	at 0d/onData()
	at scpacker.networking::NetworkService/sendRequestToAllListeners()
	at scpacker.networking::NetworkService/protocolDecrypt()
	at scpacker.networking::Network/onDataSocket()
2025-11-17 15:12:49.153 WARN  [main @coroutine#124] jp.assasans.protanki.server.commands.handlers.SystemHandler - Client-side error occurred: Lobby error SyntaxError: Error #1132
	at JSON$/parse()
	at 0d/initMarket()
	at 0d/onData()
	at scpacker.networking::NetworkService/sendRequestToAllListeners()
	at scpacker.networking::NetworkService/protocolDecrypt()
	at scpacker.networking::Network/onDataSocket()
2025-11-17 15:12:49.720 WARN  [main @coroutine#126] jp.assasans.protanki.server.commands.handlers.SystemHandler - Client-side error occurred: Lobby error SyntaxError: Error #1132
	at JSON$/parse()
	at 0d/initMarket()
	at 0d/onData()
	at scpacker.networking::NetworkService/sendRequestToAllListeners()
	at scpacker.networking::NetworkService/protocolDecrypt()
	at scpacker.networking::Network/onDataSocket()
2025-11-17 15:12:50.701 WARN  [main @coroutine#130] jp.assasans.protanki.server.commands.handlers.SystemHandler - Client-side error occurred: Lobby error SyntaxError: Error #1132
	at JSON$/parse()
	at 0d/initMarket()
	at 0d/onData()
	at scpacker.networking::NetworkService/sendRequestToAllListeners()
	at scpacker.networking::NetworkService/protocolDecrypt()
	at scpacker.networking::Network/onDataSocket()
2025-11-17 15:12:52.721 WARN  [main @coroutine#138] jp.assasans.protanki.server.commands.handlers.SystemHandler - Client-side error occurred: Lobby error SyntaxError: Error #1132
	at JSON$/parse()
	at 0d/initMarket()
	at 0d/onData()
	at scpacker.networking::NetworkService/sendRequestToAllListeners()
	at scpacker.networking::NetworkService/protocolDecrypt()
	at scpacker.networking::Network/onDataSocket()
2025-11-17 15:12:54.736 WARN  [main @coroutine#145] jp.assasans.protanki.server.commands.handlers.SystemHandler - Client-side error occurred: Lobby error SyntaxError: Error #1132
	at JSON$/parse()
	at 0d/initMarket()
	at 0d/onData()
	at scpacker.networking::NetworkService/sendRequestToAllListeners()
	at scpacker.networking::NetworkService/protocolDecrypt()
	at scpacker.networking::Network/onDataSocket()
2025-11-17 15:12:56.747 WARN  [main @coroutine#152] jp.assasans.protanki.server.commands.handlers.SystemHandler - Client-side error occurred: Lobby error SyntaxError: Error #1132
	at JSON$/parse()
	at 0d/initMarket()
	at 0d/onData()
	at scpacker.networking::NetworkService/sendRequestToAllListeners()
	at scpacker.networking::NetworkService/protocolDecrypt()
	at scpacker.networking::Network/onDataSocket()
2025-11-17 15:12:58.754 WARN  [main @coroutine#160] jp.assasans.protanki.server.commands.handlers.SystemHandler - Client-side error occurred: Lobby error SyntaxError: Error #1132
	at JSON$/parse()
	at 0d/initMarket()
	at 0d/onData()
	at scpacker.networking::NetworkService/sendRequestToAllListeners()
	at scpacker.networking::NetworkService/protocolDecrypt()
	at scpacker.networking::Network/onDataSocket()
2025-11-17 15:13:00.773 WARN  [main @coroutine#167] jp.assasans.protanki.server.commands.handlers.SystemHandler - Client-side error occurred: Lobby error SyntaxError: Error #1132
	at JSON$/parse()
	at 0d/initMarket()
	at 0d/onData()
	at scpacker.networking::NetworkService/sendRequestToAllListeners()
	at scpacker.networking::NetworkService/protocolDecrypt()
	at scpacker.networking::Network/onDataSocket()
2025-11-17 15:13:02.780 WARN  [main @coroutine#174] jp.assasans.protanki.server.commands.handlers.SystemHandler - Client-side error occurred: Lobby error SyntaxError: Error #1132
	at JSON$/parse()
	at 0d/initMarket()
	at 0d/onData()
	at scpacker.networking::NetworkService/sendRequestToAllListeners()
	at scpacker.networking::NetworkService/protocolDecrypt()
	at scpacker.networking::Network/onDataSocket()
2025-11-17 15:13:04.798 WARN  [main @coroutine#181] jp.assasans.protanki.server.commands.handlers.SystemHandler - Client-side error occurred: Lobby error SyntaxError: Error #1132
	at JSON$/parse()
	at 0d/initMarket()
	at 0d/onData()
	at scpacker.networking::NetworkService/sendRequestToAllListeners()
	at scpacker.networking::NetworkService/protocolDecrypt()
	at scpacker.networking::Network/onDataSocket()
2025-11-17 15:13:06.811 WARN  [main @coroutine#188] jp.assasans.protanki.server.commands.handlers.SystemHandler - Client-side error occurred: Lobby error SyntaxError: Error #1132
	at JSON$/parse()
	at 0d/initMarket()
	at 0d/onData()
	at scpacker.networking::NetworkService/sendRequestToAllListeners()
	at scpacker.networking::NetworkService/protocolDecrypt()
	at scpacker.networking::Network/onDataSocket()
2025-11-17 15:13:08.817 WARN  [main @coroutine#195] jp.assasans.protanki.server.commands.handlers.SystemHandler - Client-side error occurred: Lobby error SyntaxError: Error #1132
	at JSON$/parse()
	at 0d/initMarket()
	at 0d/onData()
	at scpacker.networking::NetworkService/sendRequestToAllListeners()
	at scpacker.networking::NetworkService/protocolDecrypt()
	at scpacker.networking::Network/onDataSocket()
2025-11-17 15:13:10.833 WARN  [main @coroutine#202] jp.assasans.protanki.server.commands.handlers.SystemHandler - Client-side error occurred: Lobby error SyntaxError: Error #1132
	at JSON$/parse()
	at 0d/initMarket()
	at 0d/onData()
	at scpacker.networking::NetworkService/sendRequestToAllListeners()
	at scpacker.networking::NetworkService/protocolDecrypt()
	at scpacker.networking::Network/onDataSocket()
2025-11-17 15:13:12.850 WARN  [main @coroutine#209] jp.assasans.protanki.server.commands.handlers.SystemHandler - Client-side error occurred: Lobby error SyntaxError: Error #1132
	at JSON$/parse()
	at 0d/initMarket()
	at 0d/onData()
	at scpacker.networking::NetworkService/sendRequestToAllListeners()
	at scpacker.networking::NetworkService/protocolDecrypt()
	at scpacker.networking::Network/onDataSocket()
2025-11-17 15:13:14.865 WARN  [main @coroutine#216] jp.assasans.protanki.server.commands.handlers.SystemHandler - Client-side error occurred: Lobby error SyntaxError: Error #1132
	at JSON$/parse()
	at 0d/initMarket()
	at 0d/onData()
	at scpacker.networking::NetworkService/sendRequestToAllListeners()
	at scpacker.networking::NetworkService/protocolDecrypt()
	at scpacker.networking::Network/onDataSocket()
2025-11-17 15:13:16.874 WARN  [main @coroutine#223] jp.assasans.protanki.server.commands.handlers.SystemHandler - Client-side error occurred: Lobby error SyntaxError: Error #1132
	at JSON$/parse()
	at 0d/initMarket()
	at 0d/onData()
	at scpacker.networking::NetworkService/sendRequestToAllListeners()
	at scpacker.networking::NetworkService/protocolDecrypt()
	at scpacker.networking::Network/onDataSocket()
2025-11-17 15:13:18.884 WARN  [main @coroutine#230] jp.assasans.protanki.server.commands.handlers.SystemHandler - Client-side error occurred: Lobby error SyntaxError: Error #1132
	at JSON$/parse()
	at 0d/initMarket()
	at 0d/onData()
	at scpacker.networking::NetworkService/sendRequestToAllListeners()
	at scpacker.networking::NetworkService/protocolDecrypt()
	at scpacker.networking::Network/onDataSocket()
2025-11-17 15:13:20.914 WARN  [main @coroutine#237] jp.assasans.protanki.server.commands.handlers.SystemHandler - Client-side error occurred: Lobby error SyntaxError: Error #1132
	at JSON$/parse()
	at 0d/initMarket()
	at 0d/onData()
	at scpacker.networking::NetworkService/sendRequestToAllListeners()
	at scpacker.networking::NetworkService/protocolDecrypt()
	at scpacker.networking::Network/onDataSocket()
2025-11-17 15:13:22.918 WARN  [main @coroutine#244] jp.assasans.protanki.server.commands.handlers.SystemHandler - Client-side error occurred: Lobby error SyntaxError: Error #1132
	at JSON$/parse()
	at 0d/initMarket()
	at 0d/onData()
	at scpacker.networking::NetworkService/sendRequestToAllListeners()
	at scpacker.networking::NetworkService/protocolDecrypt()
	at scpacker.networking::Network/onDataSocket()
2025-11-17 15:13:24.928 WARN  [main @coroutine#251] jp.assasans.protanki.server.commands.handlers.SystemHandler - Client-side error occurred: Lobby error SyntaxError: Error #1132
	at JSON$/parse()
	at 0d/initMarket()
	at 0d/onData()
	at scpacker.networking::NetworkService/sendRequestToAllListeners()
	at scpacker.networking::NetworkService/protocolDecrypt()
	at scpacker.networking::Network/onDataSocket()
2025-11-17 15:13:26.938 WARN  [main @coroutine#258] jp.assasans.protanki.server.commands.handlers.SystemHandler - Client-side error occurred: Lobby error SyntaxError: Error #1132
	at JSON$/parse()
	at 0d/initMarket()
	at 0d/onData()
	at scpacker.networking::NetworkService/sendRequestToAllListeners()
	at scpacker.networking::NetworkService/protocolDecrypt()
	at scpacker.networking::Network/onDataSocket()
2025-11-17 15:13:28.954 WARN  [main @coroutine#265] jp.assasans.protanki.server.commands.handlers.SystemHandler - Client-side error occurred: Lobby error SyntaxError: Error #1132
	at JSON$/parse()
	at 0d/initMarket()
	at 0d/onData()
	at scpacker.networking::NetworkService/sendRequestToAllListeners()
	at scpacker.networking::NetworkService/protocolDecrypt()
	at scpacker.networking::Network/onDataSocket()
2025-11-17 15:13:30.967 WARN  [main @coroutine#272] jp.assasans.protanki.server.commands.handlers.SystemHandler - Client-side error occurred: Lobby error SyntaxError: Error #1132
	at JSON$/parse()
	at 0d/initMarket()
	at 0d/onData()
	at scpacker.networking::NetworkService/sendRequestToAllListeners()
	at scpacker.networking::NetworkService/protocolDecrypt()
	at scpacker.networking::Network/onDataSocket()
2025-11-17 15:13:32.975 WARN  [main @coroutine#279] jp.assasans.protanki.server.commands.handlers.SystemHandler - Client-side error occurred: Lobby error SyntaxError: Error #1132
	at JSON$/parse()
	at 0d/initMarket()
	at 0d/onData()
	at scpacker.networking::NetworkService/sendRequestToAllListeners()
	at scpacker.networking::NetworkService/protocolDecrypt()
	at scpacker.networking::Network/onDataSocket()
2025-11-17 15:13:34.996 WARN  [main @coroutine#286] jp.assasans.protanki.server.commands.handlers.SystemHandler - Client-side error occurred: Lobby error SyntaxError: Error #1132
	at JSON$/parse()
	at 0d/initMarket()
	at 0d/onData()
	at scpacker.networking::NetworkService/sendRequestToAllListeners()
	at scpacker.networking::NetworkService/protocolDecrypt()
	at scpacker.networking::Network/onDataSocket()
2025-11-17 15:13:37.003 WARN  [main @coroutine#293] jp.assasans.protanki.server.commands.handlers.SystemHandler - Client-side error occurred: Lobby error SyntaxError: Error #1132
	at JSON$/parse()
	at 0d/initMarket()
	at 0d/onData()
	at scpacker.networking::NetworkService/sendRequestToAllListeners()
	at scpacker.networking::NetworkService/protocolDecrypt()
	at scpacker.networking::Network/onDataSocket()
2025-11-17 15:13:39.042 WARN  [main @coroutine#300] jp.assasans.protanki.server.commands.handlers.SystemHandler - Client-side error occurred: Lobby error SyntaxError: Error #1132
	at JSON$/parse()
	at 0d/initMarket()
	at 0d/onData()
	at scpacker.networking::NetworkService/sendRequestToAllListeners()
	at scpacker.networking::NetworkService/protocolDecrypt()
	at scpacker.networking::Network/onDataSocket()
2025-11-17 15:13:41.037 WARN  [main @coroutine#307] jp.assasans.protanki.server.commands.handlers.SystemHandler - Client-side error occurred: Lobby error SyntaxError: Error #1132
	at JSON$/parse()
	at 0d/initMarket()
	at 0d/onData()
	at scpacker.networking::NetworkService/sendRequestToAllListeners()
	at scpacker.networking::NetworkService/protocolDecrypt()
	at scpacker.networking::Network/onDataSocket()
2025-11-17 15:13:43.042 WARN  [main @coroutine#314] jp.assasans.protanki.server.commands.handlers.SystemHandler - Client-side error occurred: Lobby error SyntaxError: Error #1132
	at JSON$/parse()
	at 0d/initMarket()
	at 0d/onData()
	at scpacker.networking::NetworkService/sendRequestToAllListeners()
	at scpacker.networking::NetworkService/protocolDecrypt()
	at scpacker.networking::Network/onDataSocket()
2025-11-17 15:13:45.059 WARN  [main @coroutine#322] jp.assasans.protanki.server.commands.handlers.SystemHandler - Client-side error occurred: Lobby error SyntaxError: Error #1132
	at JSON$/parse()
	at 0d/initMarket()
	at 0d/onData()
	at scpacker.networking::NetworkService/sendRequestToAllListeners()
	at scpacker.networking::NetworkService/protocolDecrypt()
	at scpacker.networking::Network/onDataSocket()
2025-11-17 15:13:47.068 WARN  [main @coroutine#329] jp.assasans.protanki.server.commands.handlers.SystemHandler - Client-side error occurred: Lobby error SyntaxError: Error #1132
	at JSON$/parse()
	at 0d/initMarket()
	at 0d/onData()
	at scpacker.networking::NetworkService/sendRequestToAllListeners()
	at scpacker.networking::NetworkService/protocolDecrypt()
	at scpacker.networking::Network/onDataSocket()
2025-11-17 15:13:49.083 WARN  [main @coroutine#336] jp.assasans.protanki.server.commands.handlers.SystemHandler - Client-side error occurred: Lobby error SyntaxError: Error #1132
	at JSON$/parse()
	at 0d/initMarket()
	at 0d/onData()
	at scpacker.networking::NetworkService/sendRequestToAllListeners()
	at scpacker.networking::NetworkService/protocolDecrypt()
	at scpacker.networking::Network/onDataSocket()
2025-11-17 15:13:51.093 WARN  [main @coroutine#343] jp.assasans.protanki.server.commands.handlers.SystemHandler - Client-side error occurred: Lobby error SyntaxError: Error #1132
	at JSON$/parse()
	at 0d/initMarket()
	at 0d/onData()
	at scpacker.networking::NetworkService/sendRequestToAllListeners()
	at scpacker.networking::NetworkService/protocolDecrypt()
	at scpacker.networking::Network/onDataSocket()
2025-11-17 15:13:53.109 WARN  [main @coroutine#350] jp.assasans.protanki.server.commands.handlers.SystemHandler - Client-side error occurred: Lobby error SyntaxError: Error #1132
	at JSON$/parse()
	at 0d/initMarket()
	at 0d/onData()
	at scpacker.networking::NetworkService/sendRequestToAllListeners()
	at scpacker.networking::NetworkService/protocolDecrypt()
	at scpacker.networking::Network/onDataSocket()
2025-11-17 15:13:55.119 WARN  [main @coroutine#357] jp.assasans.protanki.server.commands.handlers.SystemHandler - Client-side error occurred: Lobby error SyntaxError: Error #1132
	at JSON$/parse()
	at 0d/initMarket()
	at 0d/onData()
	at scpacker.networking::NetworkService/sendRequestToAllListeners()
	at scpacker.networking::NetworkService/protocolDecrypt()
	at scpacker.networking::Network/onDataSocket()
2025-11-17 15:13:57.134 WARN  [main @coroutine#364] jp.assasans.protanki.server.commands.handlers.SystemHandler - Client-side error occurred: Lobby error SyntaxError: Error #1132
	at JSON$/parse()
	at 0d/initMarket()
	at 0d/onData()
	at scpacker.networking::NetworkService/sendRequestToAllListeners()
	at scpacker.networking::NetworkService/protocolDecrypt()
	at scpacker.networking::Network/onDataSocket()
2025-11-17 15:13:59.146 WARN  [main @coroutine#371] jp.assasans.protanki.server.commands.handlers.SystemHandler - Client-side error occurred: Lobby error SyntaxError: Error #1132
	at JSON$/parse()
	at 0d/initMarket()
	at 0d/onData()
	at scpacker.networking::NetworkService/sendRequestToAllListeners()
	at scpacker.networking::NetworkService/protocolDecrypt()
	at scpacker.networking::Network/onDataSocket()
2025-11-17 15:14:01.159 WARN  [main @coroutine#378] jp.assasans.protanki.server.commands.handlers.SystemHandler - Client-side error occurred: Lobby error SyntaxError: Error #1132
	at JSON$/parse()
	at 0d/initMarket()
	at 0d/onData()
	at scpacker.networking::NetworkService/sendRequestToAllListeners()
	at scpacker.networking::NetworkService/protocolDecrypt()
	at scpacker.networking::Network/onDataSocket()
2025-11-17 15:25:34.184 WARN  [main @coroutine#59] jp.assasans.protanki.server.commands.handlers.SystemHandler - Client-side error occurred: Lobby error Error: Not found params for property ItemGarageProperty [MINE_RESISTANCE]
	at alternativa.tanks.service.itempropertyparams::include false/getParams()
	at alternativa.tanks.model.item.upgradable::UpgradableItemPropertyValue()
	at alternativa.tanks.model.item.upgradable::UpgradableParamsModel/objectLoadedPost()
	at 0d/initMarket()
	at 0d/onData()
	at scpacker.networking::NetworkService/sendRequestToAllListeners()
	at scpacker.networking::NetworkService/protocolDecrypt()
	at scpacker.networking::Network/onDataSocket()
2025-11-17 17:09:23.608 WARN  [main @coroutine#8087] jp.assasans.protanki.server.client.UserSocket - Failed to decode command
2025-11-17 17:09:23.610 WARN  [main @coroutine#8087] jp.assasans.protanki.server.client.UserSocket - - Raw packet: 8kj}}unDjl}rj}nh}jwt
2025-11-17 17:09:23.611 WARN  [main @coroutine#8087] jp.assasans.protanki.server.client.UserSocket - - Decrypted packet: battle;activate_tank
2025-11-17 17:09:45.913 WARN  [main @coroutine#8292] jp.assasans.protanki.server.client.UserSocket - Failed to decode command
2025-11-17 17:09:45.913 WARN  [main @coroutine#8292] jp.assasans.protanki.server.client.UserSocket - - Raw packet: 3fexxpi?egxmzexicxero
2025-11-17 17:09:45.913 WARN  [main @coroutine#8292] jp.assasans.protanki.server.client.UserSocket - - Decrypted packet: battle;activate_tank
2025-11-17 18:49:27.675 WARN  [main @coroutine#2583] jp.assasans.protanki.server.commands.handlers.BattleHandler - Attempt to activate missing mine: Opoo@90
